2015.11.27 14:05:09.259 ICT INFO: *** SYSTEM START ***
2015.11.27 14:05:09.957 ICT WARNING: [Local Folder Repository] The specified file must be a directory. (D:\Proyek\RPPOntology\plugins\edu.stanford.smi.protegex.owl) -- LocalFolderRepository.update()
2015.11.27 14:05:09.974 ICT INFO: Loading triples for: null -- ProtegeOWLParser.loadTriples()
2015.11.27 14:05:12.578 ICT INFO:     Completed triple loading after 1747 ms -- ProtegeOWLParser.loadTriples()
2015.11.27 14:05:12.582 ICT INFO: Postprocess: Process entities with incorrect Java type (0 entities) ...  -- TriplePostProcessor.processFramesWithWrongJavaType()
2015.11.27 14:05:12.583 ICT INFO: 0 ms
 -- TriplePostProcessor.processFramesWithWrongJavaType()
2015.11.27 14:05:12.583 ICT INFO: Postprocess: Process metaclasses (3 metaclasses) ...  -- TriplePostProcessor.processMetaclasses()
2015.11.27 14:05:12.584 ICT INFO: 0 ms
 -- TriplePostProcessor.processMetaclasses()
2015.11.27 14:05:12.584 ICT INFO: Postprocess: Process subclasses of rdf:List (1 classes) ...  -- TriplePostProcessor.processSubclassesOfRdfList()
2015.11.27 14:05:12.584 ICT INFO: 0 ms
 -- TriplePostProcessor.processSubclassesOfRdfList()
2015.11.27 14:05:12.584 ICT INFO: Postprocess: Instances with multiple types (24 instances) ...  -- TriplePostProcessor.processInstancesWithMultipleTypes()
2015.11.27 14:05:12.588 ICT INFO: 3 ms
 -- TriplePostProcessor.processInstancesWithMultipleTypes()
2015.11.27 14:05:12.593 ICT INFO: Postprocess: Add inferred superclasses ...  -- TriplePostProcessor.processInferredSuperclasses()
2015.11.27 14:05:12.598 ICT INFO: 5 ms
 -- TriplePostProcessor.processInferredSuperclasses()
2015.11.27 14:05:12.600 ICT INFO: Postprocess: Process orphan classes (26 classes) ...  -- TriplePostProcessor.processOrphanClses()
2015.11.27 14:05:12.601 ICT INFO: 1 ms
 -- TriplePostProcessor.processOrphanClses()
2015.11.27 14:05:12.602 ICT INFO: Postprocess: Generalized Concept Inclusion (0 axioms) ...  -- TriplePostProcessor.processGeneralizedConceptInclusions()
2015.11.27 14:05:12.604 ICT INFO: 1 ms
 -- TriplePostProcessor.processGeneralizedConceptInclusions()
2015.11.27 14:05:12.604 ICT INFO: Postprocess: Abstract classes...  -- TriplePostProcessor.processAbstractClasses()
2015.11.27 14:05:12.604 ICT INFO: 0 ms
 -- TriplePostProcessor.processAbstractClasses()
2015.11.27 14:05:12.604 ICT INFO: Postprocess: Domain and range of properties...  -- TriplePostProcessor.processDomainAndRange()
2015.11.27 14:05:12.605 ICT INFO: 1 ms
 -- TriplePostProcessor.processDomainAndRange()
2015.11.27 14:05:12.606 ICT INFO: Postprocess: Possibly typed entities (1 resources) ...  -- TriplePostProcessor.processPossiblyTypedResources()
2015.11.27 14:05:12.606 ICT INFO: 0 ms
 -- TriplePostProcessor.processPossiblyTypedResources()
2015.11.27 14:05:12.607 ICT INFO: Updating underlying frames model in 1 ms -- ProtegeOWLParser.doFinalPostProcessing()
